<?xml version="1.0" encoding="UTF-8"?>
<!-- Generated by org.testng.reporters.JUnitReportReporter -->
<testsuite hostname="DESKTOP-VA81H9D" failures="0" tests="1" name="pack.Demogit" time="15.258" errors="0" timestamp="2024-04-14T22:29:46 PDT" skipped="0">
  <testcase classname="pack.Demogit" name="f" time="15.258"/>
  <system-out/>
</testsuite> <!-- pack.Demogit -->
